<?xml version="1.0" encoding="UTF-8"?>
<!-- Generated by org.testng.reporters.JUnitXMLReporter -->
<testsuite hostname="DESKTOP-VG7FOF4" ignored="8" name="VerifyUsersPageTest" tests="8" failures="2" timestamp="2023-03-29T17:37:05 IST" time="66.315" errors="0">
  <testcase name="verifyLoginValidUserValidPassword" time="20.212" classname="com.QaLegendBilling.Scripts.LoginTest"/>
  <testcase name="verifyLoginValidUserValidPassword" time="0.022" classname="com.QaLegendBilling.Scripts.LoginTest">
    <failure type="java.lang.IllegalArgumentException" message="Input must be set">
      <![CDATA[java.lang.IllegalArgumentException: Input must be set
at org.openqa.selenium.internal.Require.nonNull(Require.java:59)
at org.openqa.selenium.support.ui.FluentWait.<init>(FluentWait.java:97)
at org.openqa.selenium.support.ui.WebDriverWait.<init>(WebDriverWait.java:77)
at org.openqa.selenium.support.ui.WebDriverWait.<init>(WebDriverWait.java:46)
at com.QaLegendBilling.Utilities.WaitUtilities.waitForElementTobeClickable(WaitUtilities.java:23)
at com.QaLegendBilling.Pages.LoginPage.setUsername(LoginPage.java:31)
at com.QaLegendBilling.Scripts.LoginTest.verifyLoginValidUserValidPassword(LoginTest.java:59)
at java.util.ArrayList.forEach(ArrayList.java:1257)
at java.util.concurrent.FutureTask.run(FutureTask.java:266)
at java.util.concurrent.ThreadPoolExecutor.runWorker(ThreadPoolExecutor.java:1149)
at java.util.concurrent.ThreadPoolExecutor$Worker.run(ThreadPoolExecutor.java:624)
at java.lang.Thread.run(Thread.java:748)
... Removed 18 stack frames]]>
    </failure>
  </testcase> <!-- verifyLoginValidUserValidPassword -->
  <testcase name="verifyAddingNewUser" time="0.027" classname="com.QaLegendBilling.Scripts.UsersPageTest">
    <skipped/>
  </testcase> <!-- verifyAddingNewUser -->
  <testcase name="verifyAddingNewUser" time="0.009" classname="com.QaLegendBilling.Scripts.UsersPageTest">
    <skipped/>
  </testcase> <!-- verifyAddingNewUser -->
  <testcase name="verifyAddingNewUser" time="0.006" classname="com.QaLegendBilling.Scripts.UsersPageTest">
    <skipped/>
  </testcase> <!-- verifyAddingNewUser -->
  <testcase name="verifyAddingNewUser" time="0.091" classname="com.QaLegendBilling.Scripts.UsersPageTest">
    <failure type="java.lang.NullPointerException">
      <![CDATA[java.lang.NullPointerException
at org.openqa.selenium.support.pagefactory.DefaultElementLocator.findElement(DefaultElementLocator.java:70)
at org.openqa.selenium.support.pagefactory.internal.LocatingElementHandler.invoke(LocatingElementHandler.java:39)
at com.sun.proxy.$Proxy16.click(Unknown Source)
at com.QaLegendBilling.Pages.UsersPage.clickUserManagement(UsersPage.java:62)
at com.QaLegendBilling.Utilities.PageFunctions.usersPageNewUserFunctions(PageFunctions.java:39)
at com.QaLegendBilling.Scripts.UsersPageTest.verifyAddingNewUser(UsersPageTest.java:30)
at java.util.ArrayList.forEach(ArrayList.java:1257)
at java.util.concurrent.FutureTask.run(FutureTask.java:266)
at java.util.concurrent.ThreadPoolExecutor.runWorker(ThreadPoolExecutor.java:1149)
at java.util.concurrent.ThreadPoolExecutor$Worker.run(ThreadPoolExecutor.java:624)
at java.lang.Thread.run(Thread.java:748)
... Removed 18 stack frames]]>
    </failure>
  </testcase> <!-- verifyAddingNewUser -->
  <testcase name="verifyAddingNewRole" time="0.0" classname="com.QaLegendBilling.Scripts.UsersPageTest">
    <skipped/>
  </testcase> <!-- verifyAddingNewRole -->
  <testcase name="verifyDeletingNewRole" time="0.0" classname="com.QaLegendBilling.Scripts.UsersPageTest">
    <skipped/>
  </testcase> <!-- verifyDeletingNewRole -->
  <testcase name="@BeforeTest setUp" time="0.0" classname="com.QaLegendBilling.Base.TestBase">
    <ignored/>
  </testcase> <!-- @BeforeTest setUp -->
  <testcase name="verifyLoginValidUserInvalidPassword" time="0.0" classname="com.QaLegendBilling.Scripts.LoginTest">
    <ignored/>
  </testcase> <!-- verifyLoginValidUserInvalidPassword -->
  <testcase name="verifyLoginValidUserInvalidPassword" time="0.0" classname="com.QaLegendBilling.Scripts.LoginTest">
    <ignored/>
  </testcase> <!-- verifyLoginValidUserInvalidPassword -->
  <testcase name="@AfterTest tearDown" time="0.0" classname="com.QaLegendBilling.Base.TestBase">
    <ignored/>
  </testcase> <!-- @AfterTest tearDown -->
  <testcase name="verifyLoginInvalidUserInvalidPassword" time="0.0" classname="com.QaLegendBilling.Scripts.LoginTest">
    <ignored/>
  </testcase> <!-- verifyLoginInvalidUserInvalidPassword -->
  <testcase name="verifyLoginInvalidUserInvalidPassword" time="0.0" classname="com.QaLegendBilling.Scripts.LoginTest">
    <ignored/>
  </testcase> <!-- verifyLoginInvalidUserInvalidPassword -->
  <testcase name="verifyLoginInvalidUserValidPassword" time="0.0" classname="com.QaLegendBilling.Scripts.LoginTest">
    <ignored/>
  </testcase> <!-- verifyLoginInvalidUserValidPassword -->
  <testcase name="verifyLoginInvalidUserValidPassword" time="0.0" classname="com.QaLegendBilling.Scripts.LoginTest">
    <ignored/>
  </testcase> <!-- verifyLoginInvalidUserValidPassword -->
</testsuite> <!-- VerifyUsersPageTest -->
