<!DOCTYPE html PUBLIC "-//W3C//DTD XHTML 1.1//EN" "https://www.w3.org/TR/xhtml11/DTD/xhtml11.dtd">
<html xmlns="https://www.w3.org/1999/xhtml">
<head>
<meta http-equiv="content-type" content="text/html; charset=UTF-8"/>
<title>TestNG Report</title>
<style type="text/css">table {margin-bottom:10px;border-collapse:collapse;empty-cells:show}th,td {border:1px solid #009;padding:.25em .5em}th {vertical-align:bottom}td {vertical-align:top}table a {font-weight:bold}.stripe td {background-color: #E6EBF9}.num {text-align:right}.passedodd td {background-color: #3F3}.passedeven td {background-color: #0A0}.skippedodd td {background-color: #DDD}.skippedeven td {background-color: #CCC}.failedodd td,.attn {background-color: #F33}.failedeven td,.stripe .attn {background-color: #D00}.stacktrace {white-space:pre;font-family:monospace}.totop {font-size:85%;text-align:center;border-bottom:2px solid #000}.invisible {display:none}</style>
</head>
<body>
<table>
<tr><th>Test</th><th># Passed</th><th># Skipped</th><th># Retried</th><th># Failed</th><th>Time (ms)</th><th>Included Groups</th><th>Excluded Groups</th></tr>
<tr><th colspan="8">ParallelClassTestingSuite</th></tr>
<tr><td><a href="#t0">ParallelClassesTesting</a></td><td class="num">4</td><td class="num attn">3</td><td class="num">0</td><td class="num attn">1</td><td class="num">223,026</td><td></td><td></td></tr>
</table>
<table id='summary'><thead><tr><th>Class</th><th>Method</th><th>Start</th><th>Time (ms)</th></tr></thead><tbody><tr><th colspan="4">ParallelClassTestingSuite</th></tr></tbody><tbody id="t0"><tr><th colspan="4">ParallelClassesTesting &#8212; failed</th></tr><tr class="failedeven"><td rowspan="1">com.QaLegendBilling.Scripts.ReportsPageTest</td><td><a href="#m0">verifySupplierPurchaseAmount</a></td><td rowspan="1">1680487060350</td><td rowspan="1">89336</td></tr><tr><th colspan="4">ParallelClassesTesting &#8212; skipped</th></tr><tr class="skippedeven"><td rowspan="3">com.QaLegendBilling.Scripts.ReportsPageTest</td><td><a href="#m1">verifySupplierDueAmount</a></td><td rowspan="1">1680487150148</td><td rowspan="1">1</td></tr><tr class="skippedeven"><td><a href="#m2">verifySupplierDueAmountDemo</a></td><td rowspan="1">1680487150398</td><td rowspan="1">0</td></tr><tr class="skippedeven"><td><a href="#m3">verifySupplierPurchaseAmountDemo</a></td><td rowspan="1">1680487150196</td><td rowspan="1">0</td></tr><tr><th colspan="4">ParallelClassesTesting &#8212; passed</th></tr><tr class="passedeven"><td rowspan="3">com.QaLegendBilling.Scripts.PaymentAccountsPageTest</td><td><a href="#m4">verifyLinkAccountAgainstPaymentRefNumber</a></td><td rowspan="1">1680487095418</td><td rowspan="1">16932</td></tr><tr class="passedeven"><td><a href="#m5">verifyLoginValidUserValidPassword</a></td><td rowspan="1">1680487008742</td><td rowspan="1">51461</td></tr><tr class="passedeven"><td><a href="#m6">verifySupplierDueAmount</a></td><td rowspan="1">1680487060350</td><td rowspan="1">34960</td></tr><tr class="passedodd"><td rowspan="1">com.QaLegendBilling.Scripts.ReportsPageTest</td><td><a href="#m7">verifyLoginValidUserValidPassword</a></td><td rowspan="1">1680487008801</td><td rowspan="1">51397</td></tr></tbody>
</table>
<h2>ParallelClassesTesting</h2><h3 id="m0">com.QaLegendBilling.Scripts.ReportsPageTest#verifySupplierPurchaseAmount</h3><table class="result"><tr><th>Exception</th></tr><tr><td><div class="stacktrace">org.openqa.selenium.TimeoutException: Expected condition failed: waiting for visibility of Proxy element for: DefaultElementLocator &apos;By.xpath: //span[@class=&apos;sell_minus_purchase text-danger&apos;]&apos; (tried for 15 second(s) with 500 milliseconds interval)
	at org.openqa.selenium.support.ui.WebDriverWait.timeoutException(WebDriverWait.java:87)
	at org.openqa.selenium.support.ui.FluentWait.until(FluentWait.java:231)
	at com.QaLegendBilling.Utilities.WaitUtilities.waitForElementTobeVisible(WaitUtilities.java:30)
	at com.QaLegendBilling.Pages.ReportsPage.verifyPurchaseAmount(ReportsPage.java:67)
	at com.QaLegendBilling.Scripts.ReportsPageTest.verifySupplierPurchaseAmount(ReportsPageTest.java:25)
	at java.util.concurrent.ThreadPoolExecutor.runWorker(ThreadPoolExecutor.java:1149)
	at java.util.concurrent.ThreadPoolExecutor$Worker.run(ThreadPoolExecutor.java:624)
	at java.lang.Thread.run(Thread.java:748)
Caused by: org.openqa.selenium.NoSuchElementException: no such element: Unable to locate element: {&quot;method&quot;:&quot;xpath&quot;,&quot;selector&quot;:&quot;//span[@class=&apos;sell_minus_purchase text-danger&apos;]&quot;}
  (Session info: MicrosoftEdge=111.0.1661.54)
For documentation on this error, please visit: https://selenium.dev/exceptions/#no_such_element
Build info: version: &apos;4.4.0&apos;, revision: &apos;e5c75ed026a&apos;
System info: host: &apos;DESKTOP-VG7FOF4&apos;, ip: &apos;192.168.18.4&apos;, os.name: &apos;Windows 10&apos;, os.arch: &apos;amd64&apos;, os.version: &apos;10.0&apos;, java.version: &apos;1.8.0_202&apos;
Driver info: org.openqa.selenium.edge.EdgeDriver
Command: [0bc1bbda95a018ddd9fd2e263a61ca75, findElement {using=xpath, value=//span[@class=&apos;sell_minus_purchase text-danger&apos;]}]
Capabilities {acceptInsecureCerts: false, browserName: msedge, browserVersion: 111.0.1661.54, ms:edgeOptions: {debuggerAddress: localhost:5008}, msedge: {msedgedriverVersion: 111.0.1661.62 (0a8f453929e6..., userDataDir: C:\Users\ASUS\AppData\Local...}, networkConnectionEnabled: false, pageLoadStrategy: normal, platformName: WINDOWS, proxy: Proxy(), se:cdp: ws://localhost:5008/devtool..., se:cdpVersion: 111.0.1661.54, setWindowRect: true, strictFileInteractability: false, timeouts: {implicit: 0, pageLoad: 300000, script: 30000}, unhandledPromptBehavior: dismiss and notify, webauthn:extension:credBlob: true, webauthn:extension:largeBlob: true, webauthn:extension:minPinLength: true, webauthn:extension:prf: true, webauthn:virtualAuthenticators: true}
Session ID: 0bc1bbda95a018ddd9fd2e263a61ca75
	at org.openqa.selenium.remote.codec.w3c.W3CHttpResponseCodec.createException(W3CHttpResponseCodec.java:200)
	at org.openqa.selenium.remote.codec.w3c.W3CHttpResponseCodec.decode(W3CHttpResponseCodec.java:133)
	at org.openqa.selenium.remote.codec.w3c.W3CHttpResponseCodec.decode(W3CHttpResponseCodec.java:53)
	at org.openqa.selenium.remote.HttpCommandExecutor.execute(HttpCommandExecutor.java:184)
	at org.openqa.selenium.remote.service.DriverCommandExecutor.invokeExecute(DriverCommandExecutor.java:167)
	at org.openqa.selenium.remote.service.DriverCommandExecutor.execute(DriverCommandExecutor.java:142)
	at org.openqa.selenium.remote.RemoteWebDriver.execute(RemoteWebDriver.java:547)
	at org.openqa.selenium.remote.ElementLocation$ElementFinder$2.findElement(ElementLocation.java:162)
	at org.openqa.selenium.remote.ElementLocation.findElement(ElementLocation.java:60)
	at org.openqa.selenium.remote.RemoteWebDriver.findElement(RemoteWebDriver.java:365)
	at org.openqa.selenium.remote.RemoteWebDriver.findElement(RemoteWebDriver.java:357)
	at org.openqa.selenium.support.pagefactory.DefaultElementLocator.findElement(DefaultElementLocator.java:70)
	at org.openqa.selenium.support.pagefactory.internal.LocatingElementHandler.invoke(LocatingElementHandler.java:39)
	at com.sun.proxy.$Proxy16.isDisplayed(Unknown Source)
	at org.openqa.selenium.support.ui.ExpectedConditions.elementIfVisible(ExpectedConditions.java:307)
	at org.openqa.selenium.support.ui.ExpectedConditions.access$000(ExpectedConditions.java:40)
	at org.openqa.selenium.support.ui.ExpectedConditions$10.apply(ExpectedConditions.java:293)
	at org.openqa.selenium.support.ui.ExpectedConditions$10.apply(ExpectedConditions.java:290)
	at org.openqa.selenium.support.ui.FluentWait.until(FluentWait.java:208)
	... 18 more
... Removed 16 stack frames</div></td></tr></table><p class="totop"><a href="#summary">back to summary</a></p>
<h3 id="m1">com.QaLegendBilling.Scripts.ReportsPageTest#verifySupplierDueAmount</h3><table class="result"><tr><th>Exception</th></tr><tr><td><div class="stacktrace">java.lang.Throwable: Method ReportsPageTest.verifySupplierDueAmount()[pri:18, instance:com.QaLegendBilling.Scripts.ReportsPageTest@55ca8de8] depends on not successfully finished methods
	at java.util.concurrent.ThreadPoolExecutor.runWorker(ThreadPoolExecutor.java:1149)
	at java.util.concurrent.ThreadPoolExecutor$Worker.run(ThreadPoolExecutor.java:624)
	at java.lang.Thread.run(Thread.java:748)
... Removed 3 stack frames</div></td></tr></table><p class="totop"><a href="#summary">back to summary</a></p>
<h3 id="m2">com.QaLegendBilling.Scripts.ReportsPageTest#verifySupplierDueAmountDemo</h3><table class="result"><tr><th>Exception</th></tr><tr><td><div class="stacktrace">java.lang.Throwable: Method ReportsPageTest.verifySupplierDueAmountDemo()[pri:20, instance:com.QaLegendBilling.Scripts.ReportsPageTest@55ca8de8] depends on not successfully finished methods
	at java.util.concurrent.ThreadPoolExecutor.runWorker(ThreadPoolExecutor.java:1149)
	at java.util.concurrent.ThreadPoolExecutor$Worker.run(ThreadPoolExecutor.java:624)
	at java.lang.Thread.run(Thread.java:748)
... Removed 3 stack frames</div></td></tr></table><p class="totop"><a href="#summary">back to summary</a></p>
<h3 id="m3">com.QaLegendBilling.Scripts.ReportsPageTest#verifySupplierPurchaseAmountDemo</h3><table class="result"><tr><th>Exception</th></tr><tr><td><div class="stacktrace">java.lang.Throwable: Method ReportsPageTest.verifySupplierPurchaseAmountDemo()[pri:19, instance:com.QaLegendBilling.Scripts.ReportsPageTest@55ca8de8] depends on not successfully finished methods
	at java.util.concurrent.ThreadPoolExecutor.runWorker(ThreadPoolExecutor.java:1149)
	at java.util.concurrent.ThreadPoolExecutor$Worker.run(ThreadPoolExecutor.java:624)
	at java.lang.Thread.run(Thread.java:748)
... Removed 3 stack frames</div></td></tr></table><p class="totop"><a href="#summary">back to summary</a></p>
<h3 id="m4">com.QaLegendBilling.Scripts.PaymentAccountsPageTest#verifyLinkAccountAgainstPaymentRefNumber</h3><table class="result"><tr><th class="invisible"/></tr></table><p class="totop"><a href="#summary">back to summary</a></p>
<h3 id="m5">com.QaLegendBilling.Scripts.PaymentAccountsPageTest#verifyLoginValidUserValidPassword</h3><table class="result"><tr class="param"><th>Parameter #1</th><th>Parameter #2</th></tr><tr class="param stripe"><td>admin</td><td>123456</td></tr></table><p class="totop"><a href="#summary">back to summary</a></p>
<h3 id="m6">com.QaLegendBilling.Scripts.PaymentAccountsPageTest#verifySupplierDueAmount</h3><table class="result"><tr><th class="invisible"/></tr></table><p class="totop"><a href="#summary">back to summary</a></p>
<h3 id="m7">com.QaLegendBilling.Scripts.ReportsPageTest#verifyLoginValidUserValidPassword</h3><table class="result"><tr class="param"><th>Parameter #1</th><th>Parameter #2</th></tr><tr class="param stripe"><td>admin</td><td>123456</td></tr></table><p class="totop"><a href="#summary">back to summary</a></p>
</body>
</html>
