<?xml version="1.0" encoding="UTF-8"?>
<testng-results skipped="3" failed="1" ignored="6" total="14" passed="4">
  <reporter-output>
  </reporter-output>
  <suite name="ParallelClassTestingSuite" duration-ms="223026" started-at="2023-04-03T07:25:31 IST" finished-at="2023-04-03T07:29:14 IST">
    <groups>
      <group name="regression">
        <method signature="PaymentAccountsPageTest.verifySupplierDueAmount()[pri:15, instance:com.QaLegendBilling.Scripts.PaymentAccountsPageTest@75c072cb]" name="verifySupplierDueAmount" class="com.QaLegendBilling.Scripts.PaymentAccountsPageTest"/>
        <method signature="PaymentAccountsPageTest.verifyLinkAccountAgainstPaymentRefNumber()[pri:16, instance:com.QaLegendBilling.Scripts.PaymentAccountsPageTest@75c072cb]" name="verifyLinkAccountAgainstPaymentRefNumber" class="com.QaLegendBilling.Scripts.PaymentAccountsPageTest"/>
        <method signature="ReportsPageTest.verifySupplierPurchaseAmount()[pri:17, instance:com.QaLegendBilling.Scripts.ReportsPageTest@55ca8de8]" name="verifySupplierPurchaseAmount" class="com.QaLegendBilling.Scripts.ReportsPageTest"/>
        <method signature="ReportsPageTest.verifySupplierDueAmount()[pri:18, instance:com.QaLegendBilling.Scripts.ReportsPageTest@55ca8de8]" name="verifySupplierDueAmount" class="com.QaLegendBilling.Scripts.ReportsPageTest"/>
        <method signature="ReportsPageTest.verifySupplierPurchaseAmountDemo()[pri:19, instance:com.QaLegendBilling.Scripts.ReportsPageTest@55ca8de8]" name="verifySupplierPurchaseAmountDemo" class="com.QaLegendBilling.Scripts.ReportsPageTest"/>
        <method signature="ReportsPageTest.verifySupplierDueAmountDemo()[pri:20, instance:com.QaLegendBilling.Scripts.ReportsPageTest@55ca8de8]" name="verifySupplierDueAmountDemo" class="com.QaLegendBilling.Scripts.ReportsPageTest"/>
      </group> <!-- regression -->
      <group name="smoke">
        <method signature="LoginTest.verifyLoginValidUserValidPassword(java.lang.String,java.lang.String)[pri:4, instance:com.QaLegendBilling.Scripts.PaymentAccountsPageTest@75c072cb]" name="verifyLoginValidUserValidPassword" class="com.QaLegendBilling.Scripts.LoginTest"/>
        <method signature="LoginTest.verifyLoginValidUserValidPassword(java.lang.String,java.lang.String)[pri:4, instance:com.QaLegendBilling.Scripts.ReportsPageTest@55ca8de8]" name="verifyLoginValidUserValidPassword" class="com.QaLegendBilling.Scripts.LoginTest"/>
      </group> <!-- smoke -->
    </groups>
    <test name="ParallelClassesTesting" duration-ms="223026" started-at="2023-04-03T07:25:31 IST" finished-at="2023-04-03T07:29:14 IST">
      <class name="com.QaLegendBilling.Scripts.ReportsPageTest">
        <test-method status="PASS" signature="setUp(java.lang.String)[pri:0, instance:com.QaLegendBilling.Scripts.ReportsPageTest@55ca8de8]" name="setUp" is-config="true" duration-ms="63305" started-at="2023-04-03T07:25:31 IST" finished-at="2023-04-03T07:26:34 IST">
          <params>
            <param index="0">
              <value>
                <![CDATA[edge]]>
              </value>
            </param>
          </params>
          <reporter-output>
          </reporter-output>
        </test-method> <!-- setUp -->
        <test-method status="PASS" signature="verifyLoginValidUserValidPassword(java.lang.String,java.lang.String)[pri:4, instance:com.QaLegendBilling.Scripts.ReportsPageTest@55ca8de8]" name="verifyLoginValidUserValidPassword" duration-ms="51397" started-at="2023-04-03T07:26:48 IST" description="verify the login functionality,when valid username and valid password is given" data-provider="ValidUserValidPassword" finished-at="2023-04-03T07:27:40 IST">
          <params>
            <param index="0">
              <value>
                <![CDATA[admin]]>
              </value>
            </param>
            <param index="1">
              <value>
                <![CDATA[123456]]>
              </value>
            </param>
          </params>
          <reporter-output>
          </reporter-output>
        </test-method> <!-- verifyLoginValidUserValidPassword -->
        <test-method status="FAIL" signature="verifySupplierPurchaseAmount()[pri:17, instance:com.QaLegendBilling.Scripts.ReportsPageTest@55ca8de8]" name="verifySupplierPurchaseAmount" duration-ms="89336" started-at="2023-04-03T07:27:40 IST" description="Verify the displayed total purchase amount when all locations is selected" finished-at="2023-04-03T07:29:09 IST">
          <exception class="org.openqa.selenium.TimeoutException">
            <message>
              <![CDATA[Expected condition failed: waiting for visibility of Proxy element for: DefaultElementLocator 'By.xpath: //span[@class='sell_minus_purchase text-danger']' (tried for 15 second(s) with 500 milliseconds interval)]]>
            </message>
            <full-stacktrace>
              <![CDATA[org.openqa.selenium.TimeoutException: Expected condition failed: waiting for visibility of Proxy element for: DefaultElementLocator 'By.xpath: //span[@class='sell_minus_purchase text-danger']' (tried for 15 second(s) with 500 milliseconds interval)
at org.openqa.selenium.support.ui.WebDriverWait.timeoutException(WebDriverWait.java:87)
at org.openqa.selenium.support.ui.FluentWait.until(FluentWait.java:231)
at com.QaLegendBilling.Utilities.WaitUtilities.waitForElementTobeVisible(WaitUtilities.java:30)
at com.QaLegendBilling.Pages.ReportsPage.verifyPurchaseAmount(ReportsPage.java:67)
at com.QaLegendBilling.Scripts.ReportsPageTest.verifySupplierPurchaseAmount(ReportsPageTest.java:25)
at sun.reflect.NativeMethodAccessorImpl.invoke0(Native Method)
at sun.reflect.NativeMethodAccessorImpl.invoke(NativeMethodAccessorImpl.java:62)
at sun.reflect.DelegatingMethodAccessorImpl.invoke(DelegatingMethodAccessorImpl.java:43)
at java.lang.reflect.Method.invoke(Method.java:498)
at org.testng.internal.MethodInvocationHelper.invokeMethod(MethodInvocationHelper.java:133)
at org.testng.internal.TestInvoker.invokeMethod(TestInvoker.java:598)
at org.testng.internal.TestInvoker.invokeTestMethod(TestInvoker.java:173)
at org.testng.internal.MethodRunner.runInSequence(MethodRunner.java:46)
at org.testng.internal.TestInvoker$MethodInvocationAgent.invoke(TestInvoker.java:824)
at org.testng.internal.TestInvoker.invokeTestMethods(TestInvoker.java:146)
at org.testng.internal.TestMethodWorker.invokeTestMethods(TestMethodWorker.java:146)
at org.testng.internal.TestMethodWorker.run(TestMethodWorker.java:128)
at java.util.concurrent.ThreadPoolExecutor.runWorker(ThreadPoolExecutor.java:1149)
at java.util.concurrent.ThreadPoolExecutor$Worker.run(ThreadPoolExecutor.java:624)
at java.lang.Thread.run(Thread.java:748)
Caused by: org.openqa.selenium.NoSuchElementException: no such element: Unable to locate element: {"method":"xpath","selector":"//span[@class='sell_minus_purchase text-danger']"}
  (Session info: MicrosoftEdge=111.0.1661.54)
For documentation on this error, please visit: https://selenium.dev/exceptions/#no_such_element
Build info: version: '4.4.0', revision: 'e5c75ed026a'
System info: host: 'DESKTOP-VG7FOF4', ip: '192.168.18.4', os.name: 'Windows 10', os.arch: 'amd64', os.version: '10.0', java.version: '1.8.0_202'
Driver info: org.openqa.selenium.edge.EdgeDriver
Command: [0bc1bbda95a018ddd9fd2e263a61ca75, findElement {using=xpath, value=//span[@class='sell_minus_purchase text-danger']}]
Capabilities {acceptInsecureCerts: false, browserName: msedge, browserVersion: 111.0.1661.54, ms:edgeOptions: {debuggerAddress: localhost:5008}, msedge: {msedgedriverVersion: 111.0.1661.62 (0a8f453929e6..., userDataDir: C:\Users\ASUS\AppData\Local...}, networkConnectionEnabled: false, pageLoadStrategy: normal, platformName: WINDOWS, proxy: Proxy(), se:cdp: ws://localhost:5008/devtool..., se:cdpVersion: 111.0.1661.54, setWindowRect: true, strictFileInteractability: false, timeouts: {implicit: 0, pageLoad: 300000, script: 30000}, unhandledPromptBehavior: dismiss and notify, webauthn:extension:credBlob: true, webauthn:extension:largeBlob: true, webauthn:extension:minPinLength: true, webauthn:extension:prf: true, webauthn:virtualAuthenticators: true}
Session ID: 0bc1bbda95a018ddd9fd2e263a61ca75
at sun.reflect.NativeConstructorAccessorImpl.newInstance0(Native Method)
at sun.reflect.NativeConstructorAccessorImpl.newInstance(NativeConstructorAccessorImpl.java:62)
at sun.reflect.DelegatingConstructorAccessorImpl.newInstance(DelegatingConstructorAccessorImpl.java:45)
at java.lang.reflect.Constructor.newInstance(Constructor.java:423)
at org.openqa.selenium.remote.codec.w3c.W3CHttpResponseCodec.createException(W3CHttpResponseCodec.java:200)
at org.openqa.selenium.remote.codec.w3c.W3CHttpResponseCodec.decode(W3CHttpResponseCodec.java:133)
at org.openqa.selenium.remote.codec.w3c.W3CHttpResponseCodec.decode(W3CHttpResponseCodec.java:53)
at org.openqa.selenium.remote.HttpCommandExecutor.execute(HttpCommandExecutor.java:184)
at org.openqa.selenium.remote.service.DriverCommandExecutor.invokeExecute(DriverCommandExecutor.java:167)
at org.openqa.selenium.remote.service.DriverCommandExecutor.execute(DriverCommandExecutor.java:142)
at org.openqa.selenium.remote.RemoteWebDriver.execute(RemoteWebDriver.java:547)
at org.openqa.selenium.remote.ElementLocation$ElementFinder$2.findElement(ElementLocation.java:162)
at org.openqa.selenium.remote.ElementLocation.findElement(ElementLocation.java:60)
at org.openqa.selenium.remote.RemoteWebDriver.findElement(RemoteWebDriver.java:365)
at org.openqa.selenium.remote.RemoteWebDriver.findElement(RemoteWebDriver.java:357)
at org.openqa.selenium.support.pagefactory.DefaultElementLocator.findElement(DefaultElementLocator.java:70)
at org.openqa.selenium.support.pagefactory.internal.LocatingElementHandler.invoke(LocatingElementHandler.java:39)
at com.sun.proxy.$Proxy16.isDisplayed(Unknown Source)
at org.openqa.selenium.support.ui.ExpectedConditions.elementIfVisible(ExpectedConditions.java:307)
at org.openqa.selenium.support.ui.ExpectedConditions.access$000(ExpectedConditions.java:40)
at org.openqa.selenium.support.ui.ExpectedConditions$10.apply(ExpectedConditions.java:293)
at org.openqa.selenium.support.ui.ExpectedConditions$10.apply(ExpectedConditions.java:290)
at org.openqa.selenium.support.ui.FluentWait.until(FluentWait.java:208)
... 18 more
]]>
            </full-stacktrace>
          </exception> <!-- org.openqa.selenium.TimeoutException -->
          <reporter-output>
          </reporter-output>
        </test-method> <!-- verifySupplierPurchaseAmount -->
        <test-method status="SKIP" signature="verifySupplierDueAmount()[pri:18, instance:com.QaLegendBilling.Scripts.ReportsPageTest@55ca8de8]" name="verifySupplierDueAmount" duration-ms="1" started-at="2023-04-03T07:29:10 IST" description="Verify the displayed total due amount when all locations is selected" depends-on-methods="com.QaLegendBilling.Scripts.ReportsPageTest.verifySupplierPurchaseAmount" finished-at="2023-04-03T07:29:10 IST">
          <exception class="java.lang.Throwable">
            <message>
              <![CDATA[Method ReportsPageTest.verifySupplierDueAmount()[pri:18, instance:com.QaLegendBilling.Scripts.ReportsPageTest@55ca8de8] depends on not successfully finished methods]]>
            </message>
            <full-stacktrace>
              <![CDATA[java.lang.Throwable: Method ReportsPageTest.verifySupplierDueAmount()[pri:18, instance:com.QaLegendBilling.Scripts.ReportsPageTest@55ca8de8] depends on not successfully finished methods
at org.testng.internal.TestInvoker.invokeTestMethods(TestInvoker.java:102)
at org.testng.internal.TestMethodWorker.invokeTestMethods(TestMethodWorker.java:146)
at org.testng.internal.TestMethodWorker.run(TestMethodWorker.java:128)
at java.util.concurrent.ThreadPoolExecutor.runWorker(ThreadPoolExecutor.java:1149)
at java.util.concurrent.ThreadPoolExecutor$Worker.run(ThreadPoolExecutor.java:624)
at java.lang.Thread.run(Thread.java:748)
]]>
            </full-stacktrace>
          </exception> <!-- java.lang.Throwable -->
          <reporter-output>
          </reporter-output>
        </test-method> <!-- verifySupplierDueAmount -->
        <test-method status="SKIP" signature="verifySupplierPurchaseAmountDemo()[pri:19, instance:com.QaLegendBilling.Scripts.ReportsPageTest@55ca8de8]" name="verifySupplierPurchaseAmountDemo" duration-ms="0" started-at="2023-04-03T07:29:10 IST" description="Verify the displayed total purchase amount when demo location is selected" depends-on-methods="com.QaLegendBilling.Scripts.ReportsPageTest.verifySupplierDueAmount" finished-at="2023-04-03T07:29:10 IST">
          <exception class="java.lang.Throwable">
            <message>
              <![CDATA[Method ReportsPageTest.verifySupplierPurchaseAmountDemo()[pri:19, instance:com.QaLegendBilling.Scripts.ReportsPageTest@55ca8de8] depends on not successfully finished methods]]>
            </message>
            <full-stacktrace>
              <![CDATA[java.lang.Throwable: Method ReportsPageTest.verifySupplierPurchaseAmountDemo()[pri:19, instance:com.QaLegendBilling.Scripts.ReportsPageTest@55ca8de8] depends on not successfully finished methods
at org.testng.internal.TestInvoker.invokeTestMethods(TestInvoker.java:102)
at org.testng.internal.TestMethodWorker.invokeTestMethods(TestMethodWorker.java:146)
at org.testng.internal.TestMethodWorker.run(TestMethodWorker.java:128)
at java.util.concurrent.ThreadPoolExecutor.runWorker(ThreadPoolExecutor.java:1149)
at java.util.concurrent.ThreadPoolExecutor$Worker.run(ThreadPoolExecutor.java:624)
at java.lang.Thread.run(Thread.java:748)
]]>
            </full-stacktrace>
          </exception> <!-- java.lang.Throwable -->
          <reporter-output>
          </reporter-output>
        </test-method> <!-- verifySupplierPurchaseAmountDemo -->
        <test-method status="SKIP" signature="verifySupplierDueAmountDemo()[pri:20, instance:com.QaLegendBilling.Scripts.ReportsPageTest@55ca8de8]" name="verifySupplierDueAmountDemo" duration-ms="0" started-at="2023-04-03T07:29:10 IST" description="Verify the displayed total due amount when demo location is selected" depends-on-methods="com.QaLegendBilling.Scripts.ReportsPageTest.verifySupplierPurchaseAmountDemo" finished-at="2023-04-03T07:29:10 IST">
          <exception class="java.lang.Throwable">
            <message>
              <![CDATA[Method ReportsPageTest.verifySupplierDueAmountDemo()[pri:20, instance:com.QaLegendBilling.Scripts.ReportsPageTest@55ca8de8] depends on not successfully finished methods]]>
            </message>
            <full-stacktrace>
              <![CDATA[java.lang.Throwable: Method ReportsPageTest.verifySupplierDueAmountDemo()[pri:20, instance:com.QaLegendBilling.Scripts.ReportsPageTest@55ca8de8] depends on not successfully finished methods
at org.testng.internal.TestInvoker.invokeTestMethods(TestInvoker.java:102)
at org.testng.internal.TestMethodWorker.invokeTestMethods(TestMethodWorker.java:146)
at org.testng.internal.TestMethodWorker.run(TestMethodWorker.java:128)
at java.util.concurrent.ThreadPoolExecutor.runWorker(ThreadPoolExecutor.java:1149)
at java.util.concurrent.ThreadPoolExecutor$Worker.run(ThreadPoolExecutor.java:624)
at java.lang.Thread.run(Thread.java:748)
]]>
            </full-stacktrace>
          </exception> <!-- java.lang.Throwable -->
          <reporter-output>
          </reporter-output>
        </test-method> <!-- verifySupplierDueAmountDemo -->
        <test-method status="PASS" signature="tearDown()[pri:0, instance:com.QaLegendBilling.Scripts.ReportsPageTest@55ca8de8]" name="tearDown" is-config="true" duration-ms="3756" started-at="2023-04-03T07:29:10 IST" finished-at="2023-04-03T07:29:14 IST">
          <reporter-output>
          </reporter-output>
        </test-method> <!-- tearDown -->
      </class> <!-- com.QaLegendBilling.Scripts.ReportsPageTest -->
      <class name="com.QaLegendBilling.Scripts.PaymentAccountsPageTest">
        <test-method status="PASS" signature="setUp(java.lang.String)[pri:0, instance:com.QaLegendBilling.Scripts.PaymentAccountsPageTest@75c072cb]" name="setUp" is-config="true" duration-ms="62109" started-at="2023-04-03T07:25:31 IST" finished-at="2023-04-03T07:26:33 IST">
          <params>
            <param index="0">
              <value>
                <![CDATA[edge]]>
              </value>
            </param>
          </params>
          <reporter-output>
          </reporter-output>
        </test-method> <!-- setUp -->
        <test-method status="PASS" signature="verifyLoginValidUserValidPassword(java.lang.String,java.lang.String)[pri:4, instance:com.QaLegendBilling.Scripts.PaymentAccountsPageTest@75c072cb]" name="verifyLoginValidUserValidPassword" duration-ms="51461" started-at="2023-04-03T07:26:48 IST" description="verify the login functionality,when valid username and valid password is given" data-provider="ValidUserValidPassword" finished-at="2023-04-03T07:27:40 IST">
          <params>
            <param index="0">
              <value>
                <![CDATA[admin]]>
              </value>
            </param>
            <param index="1">
              <value>
                <![CDATA[123456]]>
              </value>
            </param>
          </params>
          <reporter-output>
          </reporter-output>
        </test-method> <!-- verifyLoginValidUserValidPassword -->
        <test-method status="PASS" signature="verifySupplierDueAmount()[pri:15, instance:com.QaLegendBilling.Scripts.PaymentAccountsPageTest@75c072cb]" name="verifySupplierDueAmount" duration-ms="34960" started-at="2023-04-03T07:27:40 IST" description="Verify supplier due amount is listed same in Balance Sheet and Trial Balance" finished-at="2023-04-03T07:28:15 IST">
          <reporter-output>
          </reporter-output>
        </test-method> <!-- verifySupplierDueAmount -->
        <test-method status="PASS" signature="verifyLinkAccountAgainstPaymentRefNumber()[pri:16, instance:com.QaLegendBilling.Scripts.PaymentAccountsPageTest@75c072cb]" name="verifyLinkAccountAgainstPaymentRefNumber" duration-ms="16932" started-at="2023-04-03T07:28:15 IST" description="Verify Link Account functionality against Payment Ref Number in Payment Account Report" depends-on-methods="com.QaLegendBilling.Scripts.PaymentAccountsPageTest.verifySupplierDueAmount" finished-at="2023-04-03T07:28:32 IST">
          <reporter-output>
          </reporter-output>
        </test-method> <!-- verifyLinkAccountAgainstPaymentRefNumber -->
        <test-method status="PASS" signature="tearDown()[pri:0, instance:com.QaLegendBilling.Scripts.PaymentAccountsPageTest@75c072cb]" name="tearDown" is-config="true" duration-ms="20478" started-at="2023-04-03T07:28:32 IST" finished-at="2023-04-03T07:28:53 IST">
          <reporter-output>
          </reporter-output>
        </test-method> <!-- tearDown -->
      </class> <!-- com.QaLegendBilling.Scripts.PaymentAccountsPageTest -->
    </test> <!-- ParallelClassesTesting -->
  </suite> <!-- ParallelClassTestingSuite -->
</testng-results>
