<?xml version="1.0" encoding="UTF-8"?>
<!-- Generated by org.testng.reporters.JUnitXMLReporter -->
<testsuite hostname="DESKTOP-VG7FOF4" ignored="0" name="TestUsingFirefoxBrowser" tests="7" failures="1" timestamp="2023-04-03T16:45:42 IST" time="63.364" errors="0">
  <testcase name="verifyLoginInvalidUserInvalidPassword" time="4.012" classname="com.QaLegendBilling.Scripts.LoginTest"/>
  <testcase name="verifyLoginValidUserInvalidPassword" time="7.312" classname="com.QaLegendBilling.Scripts.LoginTest"/>
  <testcase name="verifyLoginInvalidUserValidPassword" time="3.318" classname="com.QaLegendBilling.Scripts.LoginTest"/>
  <testcase name="verifyLoginValidUserValidPassword" time="19.316" classname="com.QaLegendBilling.Scripts.LoginTest"/>
  <testcase name="verifyAddingNewExpenses" time="4.462" classname="com.QaLegendBilling.Scripts.ExpensePageTest">
    <failure type="org.openqa.selenium.ElementNotInteractableException" message="Element &amp;lt;option&amp;gt; could not be scrolled into view
Build info: version: &amp;apos;4.4.0&amp;apos;, revision: &amp;apos;e5c75ed026a&amp;apos;
System info: host: &amp;apos;DESKTOP-VG7FOF4&amp;apos;, ip: &amp;apos;192.168.18.4&amp;apos;, os.name: &amp;apos;Windows 10&amp;apos;, os.arch: &amp;apos;amd64&amp;apos;, os.version: &amp;apos;10.0&amp;apos;, java.version: &amp;apos;1.8.0_202&amp;apos;
Driver info: org.openqa.selenium.firefox.FirefoxDriver
Command: [2f56ce05-fe1d-445a-a968-8325f2b2161f, clickElement {id=ba20646b-f263-4ada-a933-e1502d6656e8}]
Capabilities {acceptInsecureCerts: true, browserName: firefox, browserVersion: 111.0.1, moz:accessibilityChecks: false, moz:buildID: 20230321111920, moz:debuggerAddress: 127.0.0.1:63806, moz:geckodriverVersion: 0.32.0, moz:headless: false, moz:platformVersion: 10.0, moz:processID: 22560, moz:profile: C:\Users\ASUS\AppData\Local..., moz:shutdownTimeout: 60000, moz:useNonSpecCompliantPointerOrigin: false, moz:webdriverClick: true, moz:windowless: false, pageLoadStrategy: normal, platformName: WINDOWS, proxy: Proxy(), se:cdp: ws://127.0.0.1:63806/devtoo..., se:cdpVersion: 85.0, setWindowRect: true, strictFileInteractability: false, timeouts: {implicit: 0, pageLoad: 300000, script: 30000}, unhandledPromptBehavior: dismiss and notify}
Element: [[[[FirefoxDriver: firefox on WINDOWS (2f56ce05-fe1d-445a-a968-8325f2b2161f)] -&amp;gt; xpath: //select[@name=&amp;apos;location_id&amp;apos;]]] -&amp;gt; xpath: .//option[@value = &amp;quot;1&amp;quot;]]
Session ID: 2f56ce05-fe1d-445a-a968-8325f2b2161f">
      <![CDATA[org.openqa.selenium.ElementNotInteractableException: Element <option> could not be scrolled into view
Build info: version: '4.4.0', revision: 'e5c75ed026a'
System info: host: 'DESKTOP-VG7FOF4', ip: '192.168.18.4', os.name: 'Windows 10', os.arch: 'amd64', os.version: '10.0', java.version: '1.8.0_202'
Driver info: org.openqa.selenium.firefox.FirefoxDriver
Command: [2f56ce05-fe1d-445a-a968-8325f2b2161f, clickElement {id=ba20646b-f263-4ada-a933-e1502d6656e8}]
Capabilities {acceptInsecureCerts: true, browserName: firefox, browserVersion: 111.0.1, moz:accessibilityChecks: false, moz:buildID: 20230321111920, moz:debuggerAddress: 127.0.0.1:63806, moz:geckodriverVersion: 0.32.0, moz:headless: false, moz:platformVersion: 10.0, moz:processID: 22560, moz:profile: C:\Users\ASUS\AppData\Local..., moz:shutdownTimeout: 60000, moz:useNonSpecCompliantPointerOrigin: false, moz:webdriverClick: true, moz:windowless: false, pageLoadStrategy: normal, platformName: WINDOWS, proxy: Proxy(), se:cdp: ws://127.0.0.1:63806/devtoo..., se:cdpVersion: 85.0, setWindowRect: true, strictFileInteractability: false, timeouts: {implicit: 0, pageLoad: 300000, script: 30000}, unhandledPromptBehavior: dismiss and notify}
Element: [[[[FirefoxDriver: firefox on WINDOWS (2f56ce05-fe1d-445a-a968-8325f2b2161f)] -> xpath: //select[@name='location_id']]] -> xpath: .//option[@value = "1"]]
Session ID: 2f56ce05-fe1d-445a-a968-8325f2b2161f
at org.openqa.selenium.remote.codec.w3c.W3CHttpResponseCodec.createException(W3CHttpResponseCodec.java:200)
at org.openqa.selenium.remote.codec.w3c.W3CHttpResponseCodec.decode(W3CHttpResponseCodec.java:133)
at org.openqa.selenium.remote.codec.w3c.W3CHttpResponseCodec.decode(W3CHttpResponseCodec.java:53)
at org.openqa.selenium.remote.HttpCommandExecutor.execute(HttpCommandExecutor.java:184)
at org.openqa.selenium.remote.service.DriverCommandExecutor.invokeExecute(DriverCommandExecutor.java:167)
at org.openqa.selenium.remote.service.DriverCommandExecutor.execute(DriverCommandExecutor.java:142)
at org.openqa.selenium.remote.RemoteWebDriver.execute(RemoteWebDriver.java:547)
at org.openqa.selenium.remote.RemoteWebElement.execute(RemoteWebElement.java:257)
at org.openqa.selenium.remote.RemoteWebElement.click(RemoteWebElement.java:78)
at org.openqa.selenium.support.ui.Select.setSelected(Select.java:315)
at org.openqa.selenium.support.ui.Select.selectByValue(Select.java:191)
at com.QaLegendBilling.Pages.ExpensesPage.addExpenses(ExpensesPage.java:60)
at com.QaLegendBilling.Scripts.ExpensePageTest.verifyAddingNewExpenses(ExpensePageTest.java:27)
at java.util.ArrayList.forEach(ArrayList.java:1257)
... Removed 31 stack frames]]>
    </failure>
  </testcase> <!-- verifyAddingNewExpenses -->
  <testcase name="verifyPaginationWhenNewExpenseIsAdded" time="0.001" classname="com.QaLegendBilling.Scripts.ExpensePageTest">
    <skipped/>
  </testcase> <!-- verifyPaginationWhenNewExpenseIsAdded -->
  <testcase name="verifyExpenseCategoryUpdation" time="0.0" classname="com.QaLegendBilling.Scripts.ExpensePageTest">
    <skipped/>
  </testcase> <!-- verifyExpenseCategoryUpdation -->
</testsuite> <!-- TestUsingFirefoxBrowser -->
