<?xml version="1.0" encoding="UTF-8"?>
<!-- Generated by org.testng.reporters.JUnitXMLReporter -->
<testsuite hostname="DESKTOP-VG7FOF4" ignored="12" name="Test" tests="14" failures="3" timestamp="2023-03-29T11:57:02 IST" time="90.041" errors="0">
  <testcase name="@AfterClass tearDown" time="0.001" classname="com.QaLegendBilling.Base.TestBase">
    <failure type="java.lang.NullPointerException">
      <![CDATA[java.lang.NullPointerException
at com.QaLegendBilling.Base.DriverFactory.closeBrowser(DriverFactory.java:46)
at com.QaLegendBilling.Base.TestBase.tearDown(TestBase.java:88)
at java.util.concurrent.ThreadPoolExecutor.runWorker(ThreadPoolExecutor.java:1149)
at java.util.concurrent.ThreadPoolExecutor$Worker.run(ThreadPoolExecutor.java:624)
at java.lang.Thread.run(Thread.java:748)
... Removed 10 stack frames]]>
    </failure>
  </testcase> <!-- @AfterClass tearDown -->
  <testcase name="verifyLoginValidUserValidPassword" time="0.0" classname="com.QaLegendBilling.Scripts.LoginTest">
    <skipped/>
  </testcase> <!-- verifyLoginValidUserValidPassword -->
  <testcase name="verifyLoginValidUserValidPassword" time="0.0" classname="com.QaLegendBilling.Scripts.LoginTest">
    <skipped/>
  </testcase> <!-- verifyLoginValidUserValidPassword -->
  <testcase name="verifyLoginValidUserValidPassword" time="12.453" classname="com.QaLegendBilling.Scripts.LoginTest"/>
  <testcase name="verifyLoginValidUserValidPassword" time="11.657" classname="com.QaLegendBilling.Scripts.LoginTest"/>
  <testcase name="verifySupplierPurchaseAmount" time="7.445" classname="com.QaLegendBilling.Scripts.ReportsPageTest"/>
  <testcase name="verifySupplierDueAmount" time="11.329" classname="com.QaLegendBilling.Scripts.PaymentAccountsPageTest"/>
  <testcase name="verifyAddingNewRole" time="0.012" classname="com.QaLegendBilling.Scripts.UsersPageTest">
    <failure type="java.lang.NullPointerException">
      <![CDATA[java.lang.NullPointerException
at com.QaLegendBilling.Scripts.UsersPageTest.verifyAddingNewRole(UsersPageTest.java:41)
at java.util.concurrent.ThreadPoolExecutor.runWorker(ThreadPoolExecutor.java:1149)
at java.util.concurrent.ThreadPoolExecutor$Worker.run(ThreadPoolExecutor.java:624)
at java.lang.Thread.run(Thread.java:748)
... Removed 12 stack frames]]>
    </failure>
  </testcase> <!-- verifyAddingNewRole -->
  <testcase name="verifyDeletingNewRole" time="0.015" classname="com.QaLegendBilling.Scripts.UsersPageTest">
    <failure type="java.lang.NullPointerException">
      <![CDATA[java.lang.NullPointerException
at com.QaLegendBilling.Scripts.UsersPageTest.verifyDeletingNewRole(UsersPageTest.java:54)
at java.util.concurrent.ThreadPoolExecutor.runWorker(ThreadPoolExecutor.java:1149)
at java.util.concurrent.ThreadPoolExecutor$Worker.run(ThreadPoolExecutor.java:624)
at java.lang.Thread.run(Thread.java:748)
... Removed 12 stack frames]]>
    </failure>
  </testcase> <!-- verifyDeletingNewRole -->
  <testcase name="verifyLinkAccountAgainstPaymentRefNumber" time="7.214" classname="com.QaLegendBilling.Scripts.PaymentAccountsPageTest"/>
  <testcase name="verifySupplierDueAmount" time="0.227" classname="com.QaLegendBilling.Scripts.ReportsPageTest"/>
  <testcase name="verifySupplierPurchaseAmountDemo" time="1.507" classname="com.QaLegendBilling.Scripts.ReportsPageTest"/>
  <testcase name="verifySupplierDueAmountDemo" time="0.2" classname="com.QaLegendBilling.Scripts.ReportsPageTest"/>
  <testcase name="verifyPaginationWhenNewExpenseIsAdded" time="18.852" classname="com.QaLegendBilling.Scripts.ExpensePageTest">
    <failure type="org.openqa.selenium.NoSuchElementException" message="Unable to find element with locator By.xpath: //select[@name=&amp;apos;expense_table_length&amp;apos;]
For documentation on this error, please visit: https://selenium.dev/exceptions/#no_such_element
Build info: version: &amp;apos;4.4.0&amp;apos;, revision: &amp;apos;e5c75ed026a&amp;apos;
System info: host: &amp;apos;DESKTOP-VG7FOF4&amp;apos;, ip: &amp;apos;192.168.18.4&amp;apos;, os.name: &amp;apos;Windows 10&amp;apos;, os.arch: &amp;apos;amd64&amp;apos;, os.version: &amp;apos;10.0&amp;apos;, java.version: &amp;apos;1.8.0_202&amp;apos;
Driver info: driver.version: RemoteWebDriver">
      <![CDATA[org.openqa.selenium.NoSuchElementException: Unable to find element with locator By.xpath: //select[@name='expense_table_length']
For documentation on this error, please visit: https://selenium.dev/exceptions/#no_such_element
Build info: version: '4.4.0', revision: 'e5c75ed026a'
System info: host: 'DESKTOP-VG7FOF4', ip: '192.168.18.4', os.name: 'Windows 10', os.arch: 'amd64', os.version: '10.0', java.version: '1.8.0_202'
Driver info: driver.version: RemoteWebDriver
at org.openqa.selenium.remote.ElementLocation$ElementFinder$2.findElement(ElementLocation.java:165)
at org.openqa.selenium.remote.ElementLocation.findElement(ElementLocation.java:60)
at org.openqa.selenium.remote.RemoteWebDriver.findElement(RemoteWebDriver.java:365)
at org.openqa.selenium.remote.RemoteWebDriver.findElement(RemoteWebDriver.java:357)
at org.openqa.selenium.support.pagefactory.DefaultElementLocator.findElement(DefaultElementLocator.java:70)
at org.openqa.selenium.support.pagefactory.internal.LocatingElementHandler.invoke(LocatingElementHandler.java:39)
at com.sun.proxy.$Proxy16.getTagName(Unknown Source)
at org.openqa.selenium.support.ui.Select.<init>(Select.java:46)
at com.QaLegendBilling.Utilities.PageUtilities.selectClassDropdown(PageUtilities.java:44)
at com.QaLegendBilling.Pages.ExpensesPage.ListExpenses(ExpensesPage.java:68)
at com.QaLegendBilling.Scripts.ExpensePageTest.verifyPaginationWhenNewExpenseIsAdded(ExpensePageTest.java:37)
at java.util.concurrent.ThreadPoolExecutor.runWorker(ThreadPoolExecutor.java:1149)
at java.util.concurrent.ThreadPoolExecutor$Worker.run(ThreadPoolExecutor.java:624)
at java.lang.Thread.run(Thread.java:748)
... Removed 12 stack frames]]>
    </failure>
  </testcase> <!-- verifyPaginationWhenNewExpenseIsAdded -->
  <testcase name="verifyExpenseCategoryUpdation" time="0.0" classname="com.QaLegendBilling.Scripts.ExpensePageTest">
    <skipped/>
  </testcase> <!-- verifyExpenseCategoryUpdation -->
  <testcase name="verifyLoginValidUserInvalidPassword" time="0.0" classname="com.QaLegendBilling.Scripts.LoginTest">
    <ignored/>
  </testcase> <!-- verifyLoginValidUserInvalidPassword -->
  <testcase name="verifyLoginValidUserInvalidPassword" time="0.0" classname="com.QaLegendBilling.Scripts.LoginTest">
    <ignored/>
  </testcase> <!-- verifyLoginValidUserInvalidPassword -->
  <testcase name="verifyLoginValidUserInvalidPassword" time="0.0" classname="com.QaLegendBilling.Scripts.LoginTest">
    <ignored/>
  </testcase> <!-- verifyLoginValidUserInvalidPassword -->
  <testcase name="verifyLoginValidUserInvalidPassword" time="0.0" classname="com.QaLegendBilling.Scripts.LoginTest">
    <ignored/>
  </testcase> <!-- verifyLoginValidUserInvalidPassword -->
  <testcase name="verifyLoginInvalidUserInvalidPassword" time="0.0" classname="com.QaLegendBilling.Scripts.LoginTest">
    <ignored/>
  </testcase> <!-- verifyLoginInvalidUserInvalidPassword -->
  <testcase name="verifyLoginInvalidUserInvalidPassword" time="0.0" classname="com.QaLegendBilling.Scripts.LoginTest">
    <ignored/>
  </testcase> <!-- verifyLoginInvalidUserInvalidPassword -->
  <testcase name="verifyLoginInvalidUserInvalidPassword" time="0.0" classname="com.QaLegendBilling.Scripts.LoginTest">
    <ignored/>
  </testcase> <!-- verifyLoginInvalidUserInvalidPassword -->
  <testcase name="verifyLoginInvalidUserInvalidPassword" time="0.0" classname="com.QaLegendBilling.Scripts.LoginTest">
    <ignored/>
  </testcase> <!-- verifyLoginInvalidUserInvalidPassword -->
  <testcase name="verifyLoginInvalidUserValidPassword" time="0.0" classname="com.QaLegendBilling.Scripts.LoginTest">
    <ignored/>
  </testcase> <!-- verifyLoginInvalidUserValidPassword -->
  <testcase name="verifyLoginInvalidUserValidPassword" time="0.0" classname="com.QaLegendBilling.Scripts.LoginTest">
    <ignored/>
  </testcase> <!-- verifyLoginInvalidUserValidPassword -->
  <testcase name="verifyLoginInvalidUserValidPassword" time="0.0" classname="com.QaLegendBilling.Scripts.LoginTest">
    <ignored/>
  </testcase> <!-- verifyLoginInvalidUserValidPassword -->
  <testcase name="verifyLoginInvalidUserValidPassword" time="0.0" classname="com.QaLegendBilling.Scripts.LoginTest">
    <ignored/>
  </testcase> <!-- verifyLoginInvalidUserValidPassword -->
</testsuite> <!-- Test -->
