<html>
<head>
<title>TestNG:  Test</title>
<link href="../testng.css" rel="stylesheet" type="text/css" />
<link href="../my-testng.css" rel="stylesheet" type="text/css" />

<style type="text/css">
.log { display: none;} 
.stack-trace { display: none;} 
</style>
<script type="text/javascript">
<!--
function flip(e) {
  current = e.style.display;
  if (current == 'block') {
    e.style.display = 'none';
    return 0;
  }
  else {
    e.style.display = 'block';
    return 1;
  }
}

function toggleBox(szDivId, elem, msg1, msg2)
{
  var res = -1;  if (document.getElementById) {
    res = flip(document.getElementById(szDivId));
  }
  else if (document.all) {
    // this is the way old msie versions work
    res = flip(document.all[szDivId]);
  }
  if(elem) {
    if(res == 0) elem.innerHTML = msg1; else elem.innerHTML = msg2;
  }

}

function toggleAllBoxes() {
  if (document.getElementsByTagName) {
    d = document.getElementsByTagName('div');
    for (i = 0; i < d.length; i++) {
      if (d[i].className == 'log') {
        flip(d[i]);
      }
    }
  }
}

// -->
</script>

</head>
<body>
<h2 align='center'>Test</h2><table border='1' align="center">
<tr>
<td>Tests passed/Failed/Skipped:</td><td>8/3/3</td>
</tr><tr>
<td>Started on:</td><td>Wed Mar 29 11:55:32 IST 2023</td>
</tr>
<tr><td>Total time:</td><td>90 seconds (90041 ms)</td>
</tr><tr>
<td>Included groups:</td><td></td>
</tr><tr>
<td>Excluded groups:</td><td></td>
</tr>
</table><p/>
<small><i>(Hover the method name to see the test class name)</i></small><p/>
<table width='100%' border='1' class='invocation-failed'>
<tr><td colspan='4' align='center'><b>FAILED CONFIGURATIONS</b></td></tr>
<tr><td><b>Test method</b></td>
<td width="30%"><b>Exception</b></td>
<td width="10%"><b>Time (seconds)</b></td>
<td><b>Instance</b></td>
</tr>
<tr>
<td title='com.QaLegendBilling.Scripts.ReportsPageTest.tearDown()'><b>tearDown</b><br>Test class: com.QaLegendBilling.Scripts.ReportsPageTest</td>
<td><div><pre>java.lang.NullPointerException
	at com.QaLegendBilling.Base.DriverFactory.closeBrowser(DriverFactory.java:46)
	at com.QaLegendBilling.Base.TestBase.tearDown(TestBase.java:88)
	at java.util.concurrent.ThreadPoolExecutor.runWorker(ThreadPoolExecutor.java:1149)
	at java.util.concurrent.ThreadPoolExecutor$Worker.run(ThreadPoolExecutor.java:624)
	at java.lang.Thread.run(Thread.java:748)
... Removed 10 stack frames</pre></div><a href='#' onClick='toggleBox("stack-trace469646765", this, "Click to show all stack frames", "Click to hide stack frames")'>Click to show all stack frames</a>
<div class='stack-trace' id='stack-trace469646765'><pre>java.lang.NullPointerException
	at com.QaLegendBilling.Base.DriverFactory.closeBrowser(DriverFactory.java:46)
	at com.QaLegendBilling.Base.TestBase.tearDown(TestBase.java:88)
	at sun.reflect.NativeMethodAccessorImpl.invoke0(Native Method)
	at sun.reflect.NativeMethodAccessorImpl.invoke(NativeMethodAccessorImpl.java:62)
	at sun.reflect.DelegatingMethodAccessorImpl.invoke(DelegatingMethodAccessorImpl.java:43)
	at java.lang.reflect.Method.invoke(Method.java:498)
	at org.testng.internal.MethodInvocationHelper.invokeMethod(MethodInvocationHelper.java:133)
	at org.testng.internal.MethodInvocationHelper.invokeMethodConsideringTimeout(MethodInvocationHelper.java:62)
	at org.testng.internal.ConfigInvoker.invokeConfigurationMethod(ConfigInvoker.java:385)
	at org.testng.internal.ConfigInvoker.invokeConfigurations(ConfigInvoker.java:321)
	at org.testng.internal.TestMethodWorker.invokeAfterClassMethods(TestMethodWorker.java:217)
	at org.testng.internal.TestMethodWorker.run(TestMethodWorker.java:130)
	at java.util.concurrent.ThreadPoolExecutor.runWorker(ThreadPoolExecutor.java:1149)
	at java.util.concurrent.ThreadPoolExecutor$Worker.run(ThreadPoolExecutor.java:624)
	at java.lang.Thread.run(Thread.java:748)
</pre></div></td>
<td>0</td>
<td>com.QaLegendBilling.Scripts.ReportsPageTest@2ed0fbae</td></tr>
</table><p>
<table width='100%' border='1' class='invocation-failed'>
<tr><td colspan='4' align='center'><b>FAILED TESTS</b></td></tr>
<tr><td><b>Test method</b></td>
<td width="30%"><b>Exception</b></td>
<td width="10%"><b>Time (seconds)</b></td>
<td><b>Instance</b></td>
</tr>
<tr>
<td title='com.QaLegendBilling.Scripts.ExpensePageTest.verifyPaginationWhenNewExpenseIsAdded()'><b>verifyPaginationWhenNewExpenseIsAdded</b><br>Test class: com.QaLegendBilling.Scripts.ExpensePageTest<br>Test method: Verify newly added expense is listed</td>
<td><div><pre>org.openqa.selenium.NoSuchElementException: Unable to find element with locator By.xpath: //select[@name=&apos;expense_table_length&apos;]
For documentation on this error, please visit: https://selenium.dev/exceptions/#no_such_element
Build info: version: &apos;4.4.0&apos;, revision: &apos;e5c75ed026a&apos;
System info: host: &apos;DESKTOP-VG7FOF4&apos;, ip: &apos;192.168.18.4&apos;, os.name: &apos;Windows 10&apos;, os.arch: &apos;amd64&apos;, os.version: &apos;10.0&apos;, java.version: &apos;1.8.0_202&apos;
Driver info: driver.version: RemoteWebDriver
	at org.openqa.selenium.remote.ElementLocation$ElementFinder$2.findElement(ElementLocation.java:165)
	at org.openqa.selenium.remote.ElementLocation.findElement(ElementLocation.java:60)
	at org.openqa.selenium.remote.RemoteWebDriver.findElement(RemoteWebDriver.java:365)
	at org.openqa.selenium.remote.RemoteWebDriver.findElement(RemoteWebDriver.java:357)
	at org.openqa.selenium.support.pagefactory.DefaultElementLocator.findElement(DefaultElementLocator.java:70)
	at org.openqa.selenium.support.pagefactory.internal.LocatingElementHandler.invoke(LocatingElementHandler.java:39)
	at com.sun.proxy.$Proxy16.getTagName(Unknown Source)
	at org.openqa.selenium.support.ui.Select.&lt;init&gt;(Select.java:46)
	at com.QaLegendBilling.Utilities.PageUtilities.selectClassDropdown(PageUtilities.java:44)
	at com.QaLegendBilling.Pages.ExpensesPage.ListExpenses(ExpensesPage.java:68)
	at com.QaLegendBilling.Scripts.ExpensePageTest.verifyPaginationWhenNewExpenseIsAdded(ExpensePageTest.java:37)
	at java.util.concurrent.ThreadPoolExecutor.runWorker(ThreadPoolExecutor.java:1149)
	at java.util.concurrent.ThreadPoolExecutor$Worker.run(ThreadPoolExecutor.java:624)
	at java.lang.Thread.run(Thread.java:748)
... Removed 12 stack frames</pre></div><a href='#' onClick='toggleBox("stack-trace888787625", this, "Click to show all stack frames", "Click to hide stack frames")'>Click to show all stack frames</a>
<div class='stack-trace' id='stack-trace888787625'><pre>org.openqa.selenium.NoSuchElementException: Unable to find element with locator By.xpath: //select[@name=&apos;expense_table_length&apos;]
For documentation on this error, please visit: https://selenium.dev/exceptions/#no_such_element
Build info: version: &apos;4.4.0&apos;, revision: &apos;e5c75ed026a&apos;
System info: host: &apos;DESKTOP-VG7FOF4&apos;, ip: &apos;192.168.18.4&apos;, os.name: &apos;Windows 10&apos;, os.arch: &apos;amd64&apos;, os.version: &apos;10.0&apos;, java.version: &apos;1.8.0_202&apos;
Driver info: driver.version: RemoteWebDriver
	at org.openqa.selenium.remote.ElementLocation$ElementFinder$2.findElement(ElementLocation.java:165)
	at org.openqa.selenium.remote.ElementLocation.findElement(ElementLocation.java:60)
	at org.openqa.selenium.remote.RemoteWebDriver.findElement(RemoteWebDriver.java:365)
	at org.openqa.selenium.remote.RemoteWebDriver.findElement(RemoteWebDriver.java:357)
	at org.openqa.selenium.support.pagefactory.DefaultElementLocator.findElement(DefaultElementLocator.java:70)
	at org.openqa.selenium.support.pagefactory.internal.LocatingElementHandler.invoke(LocatingElementHandler.java:39)
	at com.sun.proxy.$Proxy16.getTagName(Unknown Source)
	at org.openqa.selenium.support.ui.Select.&lt;init&gt;(Select.java:46)
	at com.QaLegendBilling.Utilities.PageUtilities.selectClassDropdown(PageUtilities.java:44)
	at com.QaLegendBilling.Pages.ExpensesPage.ListExpenses(ExpensesPage.java:68)
	at com.QaLegendBilling.Scripts.ExpensePageTest.verifyPaginationWhenNewExpenseIsAdded(ExpensePageTest.java:37)
	at sun.reflect.NativeMethodAccessorImpl.invoke0(Native Method)
	at sun.reflect.NativeMethodAccessorImpl.invoke(NativeMethodAccessorImpl.java:62)
	at sun.reflect.DelegatingMethodAccessorImpl.invoke(DelegatingMethodAccessorImpl.java:43)
	at java.lang.reflect.Method.invoke(Method.java:498)
	at org.testng.internal.MethodInvocationHelper.invokeMethod(MethodInvocationHelper.java:133)
	at org.testng.internal.TestInvoker.invokeMethod(TestInvoker.java:598)
	at org.testng.internal.TestInvoker.invokeTestMethod(TestInvoker.java:173)
	at org.testng.internal.MethodRunner.runInSequence(MethodRunner.java:46)
	at org.testng.internal.TestInvoker$MethodInvocationAgent.invoke(TestInvoker.java:824)
	at org.testng.internal.TestInvoker.invokeTestMethods(TestInvoker.java:146)
	at org.testng.internal.TestMethodWorker.invokeTestMethods(TestMethodWorker.java:146)
	at org.testng.internal.TestMethodWorker.run(TestMethodWorker.java:128)
	at java.util.concurrent.ThreadPoolExecutor.runWorker(ThreadPoolExecutor.java:1149)
	at java.util.concurrent.ThreadPoolExecutor$Worker.run(ThreadPoolExecutor.java:624)
	at java.lang.Thread.run(Thread.java:748)
</pre></div></td>
<td>18</td>
<td>com.QaLegendBilling.Scripts.ExpensePageTest@240237d2</td></tr>
<tr>
<td title='com.QaLegendBilling.Scripts.UsersPageTest.verifyDeletingNewRole()'><b>verifyDeletingNewRole</b><br>Test class: com.QaLegendBilling.Scripts.UsersPageTest<br>Test method: Verify newly added role is deleted successfully</td>
<td><div><pre>java.lang.NullPointerException
	at com.QaLegendBilling.Scripts.UsersPageTest.verifyDeletingNewRole(UsersPageTest.java:54)
	at java.util.concurrent.ThreadPoolExecutor.runWorker(ThreadPoolExecutor.java:1149)
	at java.util.concurrent.ThreadPoolExecutor$Worker.run(ThreadPoolExecutor.java:624)
	at java.lang.Thread.run(Thread.java:748)
... Removed 12 stack frames</pre></div><a href='#' onClick='toggleBox("stack-trace1330759860", this, "Click to show all stack frames", "Click to hide stack frames")'>Click to show all stack frames</a>
<div class='stack-trace' id='stack-trace1330759860'><pre>java.lang.NullPointerException
	at com.QaLegendBilling.Scripts.UsersPageTest.verifyDeletingNewRole(UsersPageTest.java:54)
	at sun.reflect.NativeMethodAccessorImpl.invoke0(Native Method)
	at sun.reflect.NativeMethodAccessorImpl.invoke(NativeMethodAccessorImpl.java:62)
	at sun.reflect.DelegatingMethodAccessorImpl.invoke(DelegatingMethodAccessorImpl.java:43)
	at java.lang.reflect.Method.invoke(Method.java:498)
	at org.testng.internal.MethodInvocationHelper.invokeMethod(MethodInvocationHelper.java:133)
	at org.testng.internal.TestInvoker.invokeMethod(TestInvoker.java:598)
	at org.testng.internal.TestInvoker.invokeTestMethod(TestInvoker.java:173)
	at org.testng.internal.MethodRunner.runInSequence(MethodRunner.java:46)
	at org.testng.internal.TestInvoker$MethodInvocationAgent.invoke(TestInvoker.java:824)
	at org.testng.internal.TestInvoker.invokeTestMethods(TestInvoker.java:146)
	at org.testng.internal.TestMethodWorker.invokeTestMethods(TestMethodWorker.java:146)
	at org.testng.internal.TestMethodWorker.run(TestMethodWorker.java:128)
	at java.util.concurrent.ThreadPoolExecutor.runWorker(ThreadPoolExecutor.java:1149)
	at java.util.concurrent.ThreadPoolExecutor$Worker.run(ThreadPoolExecutor.java:624)
	at java.lang.Thread.run(Thread.java:748)
</pre></div></td>
<td>0</td>
<td>com.QaLegendBilling.Scripts.UsersPageTest@2b546384</td></tr>
<tr>
<td title='com.QaLegendBilling.Scripts.UsersPageTest.verifyAddingNewRole()'><b>verifyAddingNewRole</b><br>Test class: com.QaLegendBilling.Scripts.UsersPageTest<br>Test method: Verify newly added role is listed</td>
<td><div><pre>java.lang.NullPointerException
	at com.QaLegendBilling.Scripts.UsersPageTest.verifyAddingNewRole(UsersPageTest.java:41)
	at java.util.concurrent.ThreadPoolExecutor.runWorker(ThreadPoolExecutor.java:1149)
	at java.util.concurrent.ThreadPoolExecutor$Worker.run(ThreadPoolExecutor.java:624)
	at java.lang.Thread.run(Thread.java:748)
... Removed 12 stack frames</pre></div><a href='#' onClick='toggleBox("stack-trace1415953307", this, "Click to show all stack frames", "Click to hide stack frames")'>Click to show all stack frames</a>
<div class='stack-trace' id='stack-trace1415953307'><pre>java.lang.NullPointerException
	at com.QaLegendBilling.Scripts.UsersPageTest.verifyAddingNewRole(UsersPageTest.java:41)
	at sun.reflect.NativeMethodAccessorImpl.invoke0(Native Method)
	at sun.reflect.NativeMethodAccessorImpl.invoke(NativeMethodAccessorImpl.java:62)
	at sun.reflect.DelegatingMethodAccessorImpl.invoke(DelegatingMethodAccessorImpl.java:43)
	at java.lang.reflect.Method.invoke(Method.java:498)
	at org.testng.internal.MethodInvocationHelper.invokeMethod(MethodInvocationHelper.java:133)
	at org.testng.internal.TestInvoker.invokeMethod(TestInvoker.java:598)
	at org.testng.internal.TestInvoker.invokeTestMethod(TestInvoker.java:173)
	at org.testng.internal.MethodRunner.runInSequence(MethodRunner.java:46)
	at org.testng.internal.TestInvoker$MethodInvocationAgent.invoke(TestInvoker.java:824)
	at org.testng.internal.TestInvoker.invokeTestMethods(TestInvoker.java:146)
	at org.testng.internal.TestMethodWorker.invokeTestMethods(TestMethodWorker.java:146)
	at org.testng.internal.TestMethodWorker.run(TestMethodWorker.java:128)
	at java.util.concurrent.ThreadPoolExecutor.runWorker(ThreadPoolExecutor.java:1149)
	at java.util.concurrent.ThreadPoolExecutor$Worker.run(ThreadPoolExecutor.java:624)
	at java.lang.Thread.run(Thread.java:748)
</pre></div></td>
<td>0</td>
<td>com.QaLegendBilling.Scripts.UsersPageTest@2b546384</td></tr>
</table><p>
<table width='100%' border='1' class='invocation-passed'>
<tr><td colspan='4' align='center'><b>PASSED TESTS</b></td></tr>
<tr><td><b>Test method</b></td>
<td width="30%"><b>Exception</b></td>
<td width="10%"><b>Time (seconds)</b></td>
<td><b>Instance</b></td>
</tr>
<tr>
<td title='com.QaLegendBilling.Scripts.PaymentAccountsPageTest.verifySupplierDueAmount()'><b>verifySupplierDueAmount</b><br>Test class: com.QaLegendBilling.Scripts.PaymentAccountsPageTest<br>Test method: Verify supplier due amount is listed same in Balance Sheet and Trial Balance</td>
<td></td>
<td>11</td>
<td>com.QaLegendBilling.Scripts.PaymentAccountsPageTest@25a65b77</td></tr>
<tr>
<td title='com.QaLegendBilling.Scripts.ReportsPageTest.verifySupplierDueAmountDemo()'><b>verifySupplierDueAmountDemo</b><br>Test class: com.QaLegendBilling.Scripts.ReportsPageTest<br>Test method: Verify the displayed total due amount when demo location is selected</td>
<td></td>
<td>0</td>
<td>com.QaLegendBilling.Scripts.ReportsPageTest@2ed0fbae</td></tr>
<tr>
<td title='com.QaLegendBilling.Scripts.ReportsPageTest.verifySupplierDueAmount()'><b>verifySupplierDueAmount</b><br>Test class: com.QaLegendBilling.Scripts.ReportsPageTest<br>Test method: Verify the displayed total due amount when all locations is selected</td>
<td></td>
<td>0</td>
<td>com.QaLegendBilling.Scripts.ReportsPageTest@2ed0fbae</td></tr>
<tr>
<td title='com.QaLegendBilling.Scripts.ReportsPageTest.verifySupplierPurchaseAmount()'><b>verifySupplierPurchaseAmount</b><br>Test class: com.QaLegendBilling.Scripts.ReportsPageTest<br>Test method: Verify the displayed total purchase amount when all locations is selected</td>
<td></td>
<td>7</td>
<td>com.QaLegendBilling.Scripts.ReportsPageTest@2ed0fbae</td></tr>
<tr>
<td title='com.QaLegendBilling.Scripts.ReportsPageTest.verifyLoginValidUserValidPassword()'><b>verifyLoginValidUserValidPassword</b><br>Test class: com.QaLegendBilling.Scripts.ReportsPageTest<br>Test method: verify the login functionality,when valid username and valid password is given<br>Parameters: admin, 123456</td>
<td></td>
<td>11</td>
<td>com.QaLegendBilling.Scripts.ReportsPageTest@2ed0fbae</td></tr>
<tr>
<td title='com.QaLegendBilling.Scripts.ReportsPageTest.verifySupplierPurchaseAmountDemo()'><b>verifySupplierPurchaseAmountDemo</b><br>Test class: com.QaLegendBilling.Scripts.ReportsPageTest<br>Test method: Verify the displayed total purchase amount when demo location is selected</td>
<td></td>
<td>1</td>
<td>com.QaLegendBilling.Scripts.ReportsPageTest@2ed0fbae</td></tr>
<tr>
<td title='com.QaLegendBilling.Scripts.PaymentAccountsPageTest.verifyLoginValidUserValidPassword()'><b>verifyLoginValidUserValidPassword</b><br>Test class: com.QaLegendBilling.Scripts.PaymentAccountsPageTest<br>Test method: verify the login functionality,when valid username and valid password is given<br>Parameters: admin, 123456</td>
<td></td>
<td>12</td>
<td>com.QaLegendBilling.Scripts.PaymentAccountsPageTest@25a65b77</td></tr>
<tr>
<td title='com.QaLegendBilling.Scripts.PaymentAccountsPageTest.verifyLinkAccountAgainstPaymentRefNumber()'><b>verifyLinkAccountAgainstPaymentRefNumber</b><br>Test class: com.QaLegendBilling.Scripts.PaymentAccountsPageTest<br>Test method: Verify Link Account functionality against Payment Ref Number in Payment Account Report</td>
<td></td>
<td>7</td>
<td>com.QaLegendBilling.Scripts.PaymentAccountsPageTest@25a65b77</td></tr>
</table><p>
<table width='100%' border='1' class='invocation-skipped'>
<tr><td colspan='4' align='center'><b>SKIPPED TESTS</b></td></tr>
<tr><td><b>Test method</b></td>
<td width="30%"><b>Exception</b></td>
<td width="10%"><b>Time (seconds)</b></td>
<td><b>Instance</b></td>
</tr>
<tr>
<td title='com.QaLegendBilling.Scripts.ExpensePageTest.verifyExpenseCategoryUpdation()'><b>verifyExpenseCategoryUpdation</b><br>Test class: com.QaLegendBilling.Scripts.ExpensePageTest<br>Test method: Verify the expense category is updated successfully</td>
<td><div><pre>java.lang.Throwable: Method ExpensePageTest.verifyExpenseCategoryUpdation()[pri:7, instance:com.QaLegendBilling.Scripts.ExpensePageTest@240237d2] depends on not successfully finished methods
	at java.util.concurrent.ThreadPoolExecutor.runWorker(ThreadPoolExecutor.java:1149)
	at java.util.concurrent.ThreadPoolExecutor$Worker.run(ThreadPoolExecutor.java:624)
	at java.lang.Thread.run(Thread.java:748)
... Removed 3 stack frames</pre></div><a href='#' onClick='toggleBox("stack-trace1299883272", this, "Click to show all stack frames", "Click to hide stack frames")'>Click to show all stack frames</a>
<div class='stack-trace' id='stack-trace1299883272'><pre>java.lang.Throwable: Method ExpensePageTest.verifyExpenseCategoryUpdation()[pri:7, instance:com.QaLegendBilling.Scripts.ExpensePageTest@240237d2] depends on not successfully finished methods
	at org.testng.internal.TestInvoker.invokeTestMethods(TestInvoker.java:102)
	at org.testng.internal.TestMethodWorker.invokeTestMethods(TestMethodWorker.java:146)
	at org.testng.internal.TestMethodWorker.run(TestMethodWorker.java:128)
	at java.util.concurrent.ThreadPoolExecutor.runWorker(ThreadPoolExecutor.java:1149)
	at java.util.concurrent.ThreadPoolExecutor$Worker.run(ThreadPoolExecutor.java:624)
	at java.lang.Thread.run(Thread.java:748)
</pre></div></td>
<td>0</td>
<td>com.QaLegendBilling.Scripts.ExpensePageTest@240237d2</td></tr>
<tr>
<td title='com.QaLegendBilling.Scripts.UsersPageTest.verifyLoginValidUserValidPassword()'><b>verifyLoginValidUserValidPassword</b><br>Test class: com.QaLegendBilling.Scripts.UsersPageTest<br>Test method: verify the login functionality,when valid username and valid password is given</td>
<td><div><pre>java.lang.RuntimeException: org.apache.poi.openxml4j.exceptions.NotOfficeXmlFileException: No valid entries or contents found, this is not a valid OOXML (Office Open XML) file
	at java.util.concurrent.ThreadPoolExecutor.runWorker(ThreadPoolExecutor.java:1149)
	at java.util.concurrent.ThreadPoolExecutor$Worker.run(ThreadPoolExecutor.java:624)
	at java.lang.Thread.run(Thread.java:748)
Caused by: org.apache.poi.openxml4j.exceptions.NotOfficeXmlFileException: No valid entries or contents found, this is not a valid OOXML (Office Open XML) file
	at org.apache.poi.openxml4j.util.ZipArchiveThresholdInputStream.getNextEntry(ZipArchiveThresholdInputStream.java:156)
	at org.apache.poi.openxml4j.util.ZipInputStreamZipEntrySource.&lt;init&gt;(ZipInputStreamZipEntrySource.java:94)
	at org.apache.poi.openxml4j.opc.ZipPackage.&lt;init&gt;(ZipPackage.java:132)
	at org.apache.poi.openxml4j.opc.OPCPackage.open(OPCPackage.java:312)
	at org.apache.poi.ooxml.util.PackageHelper.open(PackageHelper.java:59)
	at org.apache.poi.xssf.usermodel.XSSFWorkbook.&lt;init&gt;(XSSFWorkbook.java:304)
	at org.apache.poi.xssf.usermodel.XSSFWorkbook.&lt;init&gt;(XSSFWorkbook.java:300)
	at com.QaLegendBilling.Utilities.ExcelUtilities.getCellNumericData(ExcelUtilities.java:51)
	at com.QaLegendBilling.DataProvider.DataProviders.verifyLoginValidUserValidPassword(DataProviders.java:41)
	... 12 more
Caused by: java.util.zip.ZipException: Unexpected record signature: 0XF1950992
	at org.apache.commons.compress.archivers.zip.ZipArchiveInputStream.getNextZipEntry(ZipArchiveInputStream.java:296)
	at org.apache.poi.openxml4j.util.ZipArchiveThresholdInputStream.getNextEntry(ZipArchiveThresholdInputStream.java:152)
	... 27 more
... Removed 17 stack frames</pre></div><a href='#' onClick='toggleBox("stack-trace76642933", this, "Click to show all stack frames", "Click to hide stack frames")'>Click to show all stack frames</a>
<div class='stack-trace' id='stack-trace76642933'><pre>java.lang.RuntimeException: org.apache.poi.openxml4j.exceptions.NotOfficeXmlFileException: No valid entries or contents found, this is not a valid OOXML (Office Open XML) file
	at org.testng.internal.MethodInvocationHelper.invokeMethodNoCheckedException(MethodInvocationHelper.java:50)
	at org.testng.internal.MethodInvocationHelper.invokeDataProvider(MethodInvocationHelper.java:146)
	at org.testng.internal.Parameters.handleParameters(Parameters.java:798)
	at org.testng.internal.Parameters.handleParameters(Parameters.java:740)
	at org.testng.internal.ParameterHandler.handleParameters(ParameterHandler.java:59)
	at org.testng.internal.ParameterHandler.createParameters(ParameterHandler.java:38)
	at org.testng.internal.TestInvoker$MethodInvocationAgent.invoke(TestInvoker.java:791)
	at org.testng.internal.TestInvoker.invokeTestMethods(TestInvoker.java:146)
	at org.testng.internal.TestMethodWorker.invokeTestMethods(TestMethodWorker.java:146)
	at org.testng.internal.TestMethodWorker.run(TestMethodWorker.java:128)
	at java.util.concurrent.ThreadPoolExecutor.runWorker(ThreadPoolExecutor.java:1149)
	at java.util.concurrent.ThreadPoolExecutor$Worker.run(ThreadPoolExecutor.java:624)
	at java.lang.Thread.run(Thread.java:748)
Caused by: org.apache.poi.openxml4j.exceptions.NotOfficeXmlFileException: No valid entries or contents found, this is not a valid OOXML (Office Open XML) file
	at org.apache.poi.openxml4j.util.ZipArchiveThresholdInputStream.getNextEntry(ZipArchiveThresholdInputStream.java:156)
	at org.apache.poi.openxml4j.util.ZipInputStreamZipEntrySource.&lt;init&gt;(ZipInputStreamZipEntrySource.java:94)
	at org.apache.poi.openxml4j.opc.ZipPackage.&lt;init&gt;(ZipPackage.java:132)
	at org.apache.poi.openxml4j.opc.OPCPackage.open(OPCPackage.java:312)
	at org.apache.poi.ooxml.util.PackageHelper.open(PackageHelper.java:59)
	at org.apache.poi.xssf.usermodel.XSSFWorkbook.&lt;init&gt;(XSSFWorkbook.java:304)
	at org.apache.poi.xssf.usermodel.XSSFWorkbook.&lt;init&gt;(XSSFWorkbook.java:300)
	at com.QaLegendBilling.Utilities.ExcelUtilities.getCellNumericData(ExcelUtilities.java:51)
	at com.QaLegendBilling.DataProvider.DataProviders.verifyLoginValidUserValidPassword(DataProviders.java:41)
	at sun.reflect.NativeMethodAccessorImpl.invoke0(Native Method)
	at sun.reflect.NativeMethodAccessorImpl.invoke(NativeMethodAccessorImpl.java:62)
	at sun.reflect.DelegatingMethodAccessorImpl.invoke(DelegatingMethodAccessorImpl.java:43)
	at java.lang.reflect.Method.invoke(Method.java:498)
	at org.testng.internal.MethodInvocationHelper.invokeMethod(MethodInvocationHelper.java:133)
	at org.testng.internal.MethodInvocationHelper.invokeMethod(MethodInvocationHelper.java:77)
	at org.testng.internal.MethodInvocationHelper.invokeMethodNoCheckedException(MethodInvocationHelper.java:46)
	... 12 more
Caused by: java.util.zip.ZipException: Unexpected record signature: 0XF1950992
	at org.apache.commons.compress.archivers.zip.ZipArchiveInputStream.getNextZipEntry(ZipArchiveInputStream.java:296)
	at org.apache.poi.openxml4j.util.ZipArchiveThresholdInputStream.getNextEntry(ZipArchiveThresholdInputStream.java:152)
	... 27 more
</pre></div></td>
<td>0</td>
<td>com.QaLegendBilling.Scripts.UsersPageTest@2b546384</td></tr>
<tr>
<td title='com.QaLegendBilling.Scripts.ExpensePageTest.verifyLoginValidUserValidPassword()'><b>verifyLoginValidUserValidPassword</b><br>Test class: com.QaLegendBilling.Scripts.ExpensePageTest<br>Test method: verify the login functionality,when valid username and valid password is given</td>
<td><div><pre>java.lang.RuntimeException: java.lang.RuntimeException: java.io.IOException: Stream Closed
	at java.util.concurrent.ThreadPoolExecutor.runWorker(ThreadPoolExecutor.java:1149)
	at java.util.concurrent.ThreadPoolExecutor$Worker.run(ThreadPoolExecutor.java:624)
	at java.lang.Thread.run(Thread.java:748)
Caused by: java.lang.RuntimeException: java.io.IOException: Stream Closed
	at com.QaLegendBilling.Utilities.ExcelUtilities.getCellNumericData(ExcelUtilities.java:54)
	at com.QaLegendBilling.DataProvider.DataProviders.verifyLoginValidUserValidPassword(DataProviders.java:41)
	... 12 more
Caused by: java.io.IOException: Stream Closed
	at java.io.FileInputStream.available0(Native Method)
	at java.io.FileInputStream.available(FileInputStream.java:306)
	at java.io.BufferedInputStream.read(BufferedInputStream.java:353)
	at java.io.FilterInputStream.read(FilterInputStream.java:133)
	at java.io.PushbackInputStream.read(PushbackInputStream.java:186)
	at java.io.FilterInputStream.read(FilterInputStream.java:107)
	at org.apache.commons.compress.archivers.zip.ZipArchiveInputStream.fill(ZipArchiveInputStream.java:861)
	at org.apache.commons.compress.archivers.zip.ZipArchiveInputStream.readFromInflater(ZipArchiveInputStream.java:650)
	at org.apache.commons.compress.archivers.zip.ZipArchiveInputStream.readDeflated(ZipArchiveInputStream.java:625)
	at org.apache.commons.compress.archivers.zip.ZipArchiveInputStream.read(ZipArchiveInputStream.java:528)
	at java.io.FilterInputStream.read(FilterInputStream.java:133)
	at org.apache.poi.openxml4j.util.ZipArchiveThresholdInputStream.read(ZipArchiveThresholdInputStream.java:80)
	at org.apache.poi.util.IOUtils.toByteArray(IOUtils.java:185)
	at org.apache.poi.openxml4j.util.ZipArchiveFakeEntry.&lt;init&gt;(ZipArchiveFakeEntry.java:72)
	at org.apache.poi.openxml4j.util.ZipInputStreamZipEntrySource.&lt;init&gt;(ZipInputStreamZipEntrySource.java:98)
	at org.apache.poi.openxml4j.opc.ZipPackage.&lt;init&gt;(ZipPackage.java:132)
	at org.apache.poi.openxml4j.opc.OPCPackage.open(OPCPackage.java:312)
	at org.apache.poi.ooxml.util.PackageHelper.open(PackageHelper.java:59)
	at org.apache.poi.xssf.usermodel.XSSFWorkbook.&lt;init&gt;(XSSFWorkbook.java:304)
	at org.apache.poi.xssf.usermodel.XSSFWorkbook.&lt;init&gt;(XSSFWorkbook.java:300)
	at com.QaLegendBilling.Utilities.ExcelUtilities.getCellNumericData(ExcelUtilities.java:51)
	... 20 more
... Removed 17 stack frames</pre></div><a href='#' onClick='toggleBox("stack-trace696022664", this, "Click to show all stack frames", "Click to hide stack frames")'>Click to show all stack frames</a>
<div class='stack-trace' id='stack-trace696022664'><pre>java.lang.RuntimeException: java.lang.RuntimeException: java.io.IOException: Stream Closed
	at org.testng.internal.MethodInvocationHelper.invokeMethodNoCheckedException(MethodInvocationHelper.java:50)
	at org.testng.internal.MethodInvocationHelper.invokeDataProvider(MethodInvocationHelper.java:146)
	at org.testng.internal.Parameters.handleParameters(Parameters.java:798)
	at org.testng.internal.Parameters.handleParameters(Parameters.java:740)
	at org.testng.internal.ParameterHandler.handleParameters(ParameterHandler.java:59)
	at org.testng.internal.ParameterHandler.createParameters(ParameterHandler.java:38)
	at org.testng.internal.TestInvoker$MethodInvocationAgent.invoke(TestInvoker.java:791)
	at org.testng.internal.TestInvoker.invokeTestMethods(TestInvoker.java:146)
	at org.testng.internal.TestMethodWorker.invokeTestMethods(TestMethodWorker.java:146)
	at org.testng.internal.TestMethodWorker.run(TestMethodWorker.java:128)
	at java.util.concurrent.ThreadPoolExecutor.runWorker(ThreadPoolExecutor.java:1149)
	at java.util.concurrent.ThreadPoolExecutor$Worker.run(ThreadPoolExecutor.java:624)
	at java.lang.Thread.run(Thread.java:748)
Caused by: java.lang.RuntimeException: java.io.IOException: Stream Closed
	at com.QaLegendBilling.Utilities.ExcelUtilities.getCellNumericData(ExcelUtilities.java:54)
	at com.QaLegendBilling.DataProvider.DataProviders.verifyLoginValidUserValidPassword(DataProviders.java:41)
	at sun.reflect.NativeMethodAccessorImpl.invoke0(Native Method)
	at sun.reflect.NativeMethodAccessorImpl.invoke(NativeMethodAccessorImpl.java:62)
	at sun.reflect.DelegatingMethodAccessorImpl.invoke(DelegatingMethodAccessorImpl.java:43)
	at java.lang.reflect.Method.invoke(Method.java:498)
	at org.testng.internal.MethodInvocationHelper.invokeMethod(MethodInvocationHelper.java:133)
	at org.testng.internal.MethodInvocationHelper.invokeMethod(MethodInvocationHelper.java:77)
	at org.testng.internal.MethodInvocationHelper.invokeMethodNoCheckedException(MethodInvocationHelper.java:46)
	... 12 more
Caused by: java.io.IOException: Stream Closed
	at java.io.FileInputStream.available0(Native Method)
	at java.io.FileInputStream.available(FileInputStream.java:306)
	at java.io.BufferedInputStream.read(BufferedInputStream.java:353)
	at java.io.FilterInputStream.read(FilterInputStream.java:133)
	at java.io.PushbackInputStream.read(PushbackInputStream.java:186)
	at java.io.FilterInputStream.read(FilterInputStream.java:107)
	at org.apache.commons.compress.archivers.zip.ZipArchiveInputStream.fill(ZipArchiveInputStream.java:861)
	at org.apache.commons.compress.archivers.zip.ZipArchiveInputStream.readFromInflater(ZipArchiveInputStream.java:650)
	at org.apache.commons.compress.archivers.zip.ZipArchiveInputStream.readDeflated(ZipArchiveInputStream.java:625)
	at org.apache.commons.compress.archivers.zip.ZipArchiveInputStream.read(ZipArchiveInputStream.java:528)
	at java.io.FilterInputStream.read(FilterInputStream.java:133)
	at org.apache.poi.openxml4j.util.ZipArchiveThresholdInputStream.read(ZipArchiveThresholdInputStream.java:80)
	at org.apache.poi.util.IOUtils.toByteArray(IOUtils.java:185)
	at org.apache.poi.openxml4j.util.ZipArchiveFakeEntry.&lt;init&gt;(ZipArchiveFakeEntry.java:72)
	at org.apache.poi.openxml4j.util.ZipInputStreamZipEntrySource.&lt;init&gt;(ZipInputStreamZipEntrySource.java:98)
	at org.apache.poi.openxml4j.opc.ZipPackage.&lt;init&gt;(ZipPackage.java:132)
	at org.apache.poi.openxml4j.opc.OPCPackage.open(OPCPackage.java:312)
	at org.apache.poi.ooxml.util.PackageHelper.open(PackageHelper.java:59)
	at org.apache.poi.xssf.usermodel.XSSFWorkbook.&lt;init&gt;(XSSFWorkbook.java:304)
	at org.apache.poi.xssf.usermodel.XSSFWorkbook.&lt;init&gt;(XSSFWorkbook.java:300)
	at com.QaLegendBilling.Utilities.ExcelUtilities.getCellNumericData(ExcelUtilities.java:51)
	... 20 more
</pre></div></td>
<td>0</td>
<td>com.QaLegendBilling.Scripts.ExpensePageTest@240237d2</td></tr>
</table><p>
</body>
</html>