<?xml version="1.0" encoding="UTF-8"?>
<!-- Generated by org.testng.reporters.JUnitReportReporter -->
<testsuite hostname="DESKTOP-VG7FOF4" failures="0" tests="5" name="com.QaLegendBilling.Scripts.LoginTest" time="12.426" errors="1" timestamp="2023-04-03T06:57:58 IST" skipped="3">
  <testcase classname="com.QaLegendBilling.Scripts.LoginTest" name="tearDown" time="0.009">
    <error message="Cannot invoke &quot;org.openqa.selenium.WebDriver.close()&quot; because the return value of &quot;com.QaLegendBilling.Base.DriverFactory.getDriver()&quot; is null" type="java.lang.NullPointerException">
      <![CDATA[java.lang.NullPointerException: Cannot invoke "org.openqa.selenium.WebDriver.close()" because the return value of "com.QaLegendBilling.Base.DriverFactory.getDriver()" is null
at com.QaLegendBilling.Base.DriverFactory.closeBrowser(DriverFactory.java:46)
at com.QaLegendBilling.Base.TestBase.tearDown(TestBase.java:90)
at java.base/jdk.internal.reflect.NativeMethodAccessorImpl.invoke0(Native Method)
at java.base/jdk.internal.reflect.NativeMethodAccessorImpl.invoke(NativeMethodAccessorImpl.java:77)
at java.base/jdk.internal.reflect.DelegatingMethodAccessorImpl.invoke(DelegatingMethodAccessorImpl.java:43)
at java.base/java.lang.reflect.Method.invoke(Method.java:568)
at org.testng.internal.MethodInvocationHelper.invokeMethod(MethodInvocationHelper.java:133)
at org.testng.internal.MethodInvocationHelper.invokeMethodConsideringTimeout(MethodInvocationHelper.java:62)
at org.testng.internal.ConfigInvoker.invokeConfigurationMethod(ConfigInvoker.java:385)
at org.testng.internal.ConfigInvoker.invokeConfigurations(ConfigInvoker.java:321)
at org.testng.TestRunner.invokeTestConfigurations(TestRunner.java:637)
at org.testng.TestRunner.afterRun(TestRunner.java:877)
at org.testng.TestRunner.run(TestRunner.java:599)
at org.testng.SuiteRunner.runTest(SuiteRunner.java:377)
at org.testng.SuiteRunner.runSequentially(SuiteRunner.java:371)
at org.testng.SuiteRunner.privateRun(SuiteRunner.java:332)
at org.testng.SuiteRunner.run(SuiteRunner.java:276)
at org.testng.SuiteRunnerWorker.runSuite(SuiteRunnerWorker.java:53)
at org.testng.SuiteRunnerWorker.run(SuiteRunnerWorker.java:96)
at org.testng.TestNG.runSuitesSequentially(TestNG.java:1212)
at org.testng.TestNG.runSuitesLocally(TestNG.java:1134)
at org.testng.TestNG.runSuites(TestNG.java:1063)
at org.testng.TestNG.run(TestNG.java:1031)
at org.apache.maven.surefire.testng.TestNGExecutor.run(TestNGExecutor.java:284)
at org.apache.maven.surefire.testng.TestNGXmlTestSuite.execute(TestNGXmlTestSuite.java:75)
at org.apache.maven.surefire.testng.TestNGProvider.invoke(TestNGProvider.java:119)
at org.apache.maven.surefire.booter.ForkedBooter.runSuitesInProcess(ForkedBooter.java:428)
at org.apache.maven.surefire.booter.ForkedBooter.execute(ForkedBooter.java:162)
at org.apache.maven.surefire.booter.ForkedBooter.run(ForkedBooter.java:562)
at org.apache.maven.surefire.booter.ForkedBooter.main(ForkedBooter.java:548)
]]>
    </error>
  </testcase> <!-- tearDown -->
  <system-out/>
  <testcase classname="com.QaLegendBilling.Scripts.LoginTest" name="verifyLoginValidUserValidPassword" time="12.417"/>
  <system-out/>
  <testcase classname="com.QaLegendBilling.Scripts.LoginTest" name="verifyLoginValidUserInvalidPassword">
    <skipped/>
  </testcase> <!-- verifyLoginValidUserInvalidPassword -->
  <system-out/>
  <testcase classname="com.QaLegendBilling.Scripts.LoginTest" name="verifyLoginInvalidUserInvalidPassword">
    <skipped/>
  </testcase> <!-- verifyLoginInvalidUserInvalidPassword -->
  <system-out/>
  <testcase classname="com.QaLegendBilling.Scripts.LoginTest" name="verifyLoginInvalidUserValidPassword">
    <skipped/>
  </testcase> <!-- verifyLoginInvalidUserValidPassword -->
  <system-out/>
</testsuite> <!-- com.QaLegendBilling.Scripts.LoginTest -->
